--- Startup times for process: Primary (or UI client) ---

times in msec
 clock   self+sourced   self:  sourced script
 clock   elapsed:              other lines

000.001  000.001: --- NVIM STARTING ---
000.223  000.223: event init
000.359  000.136: early init
000.417  000.057: locale set
000.518  000.102: init first window
001.215  000.697: inits 1
001.262  000.046: window checked
001.267  000.005: parsing arguments
002.207  000.090  000.090: require('vim.shared')
002.418  000.073  000.073: require('vim.inspect')
002.518  000.077  000.077: require('vim._options')
002.522  000.308  000.158: require('vim._editor')
002.525  000.460  000.062: require('vim._init_packages')
002.528  000.801: init lua interpreter
005.929  003.401: nvim_ui_attach
006.753  000.824: nvim_set_client_info
006.761  000.008: --- NVIM STARTED ---

--- Startup times for process: Embedded ---

times in msec
 clock   self+sourced   self:  sourced script
 clock   elapsed:              other lines

000.001  000.001: --- NVIM STARTING ---
000.272  000.271: event init
000.422  000.150: early init
000.485  000.063: locale set
000.551  000.066: init first window
001.255  000.704: inits 1
001.283  000.028: window checked
001.326  000.043: parsing arguments
002.521  000.105  000.105: require('vim.shared')
002.731  000.090  000.090: require('vim.inspect')
002.844  000.089  000.089: require('vim._options')
002.849  000.322  000.143: require('vim._editor')
002.852  000.498  000.070: require('vim._init_packages')
002.856  001.032: init lua interpreter
002.991  000.135: expanding arguments
003.035  000.043: inits 2
003.666  000.632: init highlight
003.668  000.002: waiting for UI
003.973  000.306: done waiting for UI
003.992  000.018: clear screen
004.300  000.034  000.034: require('vim.keymap')
005.873  000.290  000.290: sourcing nvim_exec2()
006.151  002.154  001.830: require('vim._defaults')
006.155  000.009: init default mappings & autocommands
006.949  000.104  000.104: sourcing /usr/share/nvim/runtime/ftplugin.vim
007.050  000.057  000.057: sourcing /usr/share/nvim/runtime/indent.vim
007.279  000.148  000.148: sourcing /usr/share/nvim/archlinux.lua
007.285  000.187  000.039: sourcing /etc/xdg/nvim/sysinit.vim
008.225  000.008  000.008: sourcing nvim_exec2() called at /home/amin/.config/nvim/init.lua:0
008.825  000.899  000.891: require('Amin.core.options')
009.064  000.235  000.235: require('Amin.core.keymaps')
009.068  001.727  000.593: require('Amin.core')
010.062  000.729  000.729: require('lazy')
010.218  000.128  000.128: require('ffi')
010.302  000.042  000.042: require('vim.fs')
010.502  000.193  000.193: require('vim.uri')
010.526  000.302  000.067: require('vim.loader')
010.733  000.174  000.174: require('lazy.stats')
011.128  000.356  000.356: require('lazy.core.util')
011.341  000.208  000.208: require('lazy.core.config')
011.686  000.146  000.146: require('lazy.core.handler')
012.286  000.191  000.191: require('lazy.pkg')
012.300  000.395  000.203: require('lazy.core.meta')
012.315  000.626  000.232: require('lazy.core.plugin')
012.335  000.990  000.217: require('lazy.core.loader')
014.112  000.459  000.459: require('lazy.core.fragments')
017.460  000.989  000.989: require('catppuccin.palettes')
017.564  000.092  000.092: require('catppuccin.palettes.mocha')
017.788  000.219  000.219: require('catppuccin')
018.485  000.538  000.538: require('easy-dotnet.ui-modules.jobs')
026.889  000.170  000.170: require('lazy.core.handler.event')
026.984  000.076  000.076: require('lazy.core.handler.cmd')
027.081  000.090  000.090: require('lazy.core.handler.keys')
027.137  000.049  000.049: require('lazy.core.handler.ft')
028.545  000.020  000.020: sourcing nvim_exec2() called at /home/amin/.config/nvim/init.lua:0
028.574  000.004  000.004: sourcing nvim_exec2() called at /home/amin/.config/nvim/init.lua:0
029.275  000.007  000.007: sourcing nvim_exec2() called at /home/amin/.config/nvim/init.lua:0
029.305  000.002  000.002: sourcing nvim_exec2() called at /home/amin/.config/nvim/init.lua:0
029.610  000.088  000.088: sourcing nvim_exec2() called at /usr/share/nvim/runtime/filetype.lua:0
029.615  000.221  000.134: sourcing /usr/share/nvim/runtime/filetype.lua
029.622  000.272  000.050: sourcing nvim_exec2() called at /home/amin/.config/nvim/init.lua:0
030.015  000.004  000.004: sourcing nvim_exec2() called at /home/amin/.config/nvim/init.lua:0
030.051  000.002  000.002: sourcing nvim_exec2() called at /home/amin/.config/nvim/init.lua:0
030.653  000.179  000.179: require('nord.config')
030.826  000.079  000.079: require('nord.colors')
030.832  000.174  000.095: require('nord.utils')
030.839  000.779  000.426: require('nord')
031.868  000.090  000.090: sourcing /home/amin/.local/share/nvim/lazy/lush.nvim/plugin/lush.vim
031.877  000.135  000.044: sourcing nvim_exec2() called at /home/amin/.config/nvim/init.lua:0
031.890  000.005  000.005: sourcing nvim_exec2() called at /home/amin/.config/nvim/init.lua:0
031.904  000.002  000.002: sourcing nvim_exec2() called at /home/amin/.config/nvim/init.lua:0
031.922  000.002  000.002: sourcing nvim_exec2() called at /home/amin/.config/nvim/init.lua:0
031.936  000.002  000.002: sourcing nvim_exec2() called at /home/amin/.config/nvim/init.lua:0
033.029  000.731  000.731: require('snacks')
033.035  000.795  000.064: sourcing /home/amin/.local/share/nvim/lazy/snacks.nvim/plugin/snacks.lua
033.051  000.839  000.044: sourcing nvim_exec2() called at /home/amin/.config/nvim/init.lua:0
033.065  000.005  000.005: sourcing nvim_exec2() called at /home/amin/.config/nvim/init.lua:0
033.078  000.001  000.001: sourcing nvim_exec2() called at /home/amin/.config/nvim/init.lua:0
033.351  000.003  000.003: sourcing nvim_exec2() called at /home/amin/.config/nvim/init.lua:0
033.365  000.001  000.001: sourcing nvim_exec2() called at /home/amin/.config/nvim/init.lua:0
034.362  000.750  000.750: require('catppuccin.lib.hashing')
038.353  002.941  002.941: sourcing /home/amin/.local/share/nvim/lazy/catppuccin/colors/catppuccin.vim
041.072  001.062  001.062: require('markview.health')
042.053  003.001  001.938: require('markview.spec')
042.618  000.048  000.048: require('vim.treesitter.language')
042.678  000.055  000.055: require('vim.func')
042.723  000.039  000.039: require('vim.func._memoize')
042.762  000.349  000.208: require('vim.treesitter.query')
042.808  000.043  000.043: require('vim.treesitter._range')
042.827  000.514  000.121: require('vim.treesitter.languagetree')
042.836  000.751  000.237: require('vim.treesitter')
042.978  004.211  000.460: sourcing /home/amin/.local/share/nvim/lazy/markview.nvim/plugin/markview.lua
042.984  004.246  000.035: sourcing nvim_exec2() called at /home/amin/.config/nvim/init.lua:0
042.999  000.006  000.006: sourcing nvim_exec2() called at /home/amin/.config/nvim/init.lua:0
043.013  000.002  000.002: sourcing nvim_exec2() called at /home/amin/.config/nvim/init.lua:0
043.353  000.057  000.057: require('nvim-treesitter.utils')
044.551  001.196  001.196: require('nvim-treesitter.parsers')
044.979  000.047  000.047: require('nvim-treesitter.compat')
045.138  000.090  000.090: require('nvim-treesitter.ts_utils')
045.149  000.166  000.076: require('nvim-treesitter.tsrange')
045.222  000.070  000.070: require('nvim-treesitter.caching')
045.238  000.386  000.102: require('nvim-treesitter.query')
045.261  000.563  000.178: require('nvim-treesitter.configs')
045.268  000.712  000.149: require('nvim-treesitter.info')
045.400  000.131  000.131: require('nvim-treesitter.shell_command_selectors')
045.465  002.266  000.170: require('nvim-treesitter.install')
045.534  000.066  000.066: require('nvim-treesitter.statusline')
045.641  000.105  000.105: require('nvim-treesitter.query_predicates')
045.647  002.523  000.087: require('nvim-treesitter')
045.843  000.187  000.187: require('vim.iter')
046.972  003.893  001.183: sourcing /home/amin/.local/share/nvim/lazy/nvim-treesitter/plugin/nvim-treesitter.lua
046.980  003.928  000.035: sourcing nvim_exec2() called at /home/amin/.config/nvim/init.lua:0
046.995  000.003  000.003: sourcing nvim_exec2() called at /home/amin/.config/nvim/init.lua:0
047.014  000.001  000.001: sourcing nvim_exec2() called at /home/amin/.config/nvim/init.lua:0
049.115  000.125  000.125: require('nvim-treesitter.highlight')
049.596  000.164  000.164: require('nvim-treesitter.locals')
049.609  000.278  000.114: require('nvim-treesitter.incremental_selection')
049.784  000.133  000.133: require('nvim-treesitter.indent')
049.898  000.006  000.006: sourcing nvim_exec2() called at /home/amin/.config/nvim/init.lua:0
049.912  000.002  000.002: sourcing nvim_exec2() called at /home/amin/.config/nvim/init.lua:0
050.815  000.167  000.167: require('neoscroll.config')
050.888  000.068  000.068: require('neoscroll.window')
050.960  000.070  000.070: require('neoscroll.logic')
051.165  000.203  000.203: require('neoscroll.scroll')
051.219  001.230  000.722: require('neoscroll')
051.459  000.009  000.009: sourcing nvim_exec2() called at /home/amin/.config/nvim/init.lua:0
051.507  000.005  000.005: sourcing nvim_exec2() called at /home/amin/.config/nvim/init.lua:0
051.514  000.004  000.004: sourcing nvim_exec2() called at /home/amin/.config/nvim/init.lua:0
051.522  000.003  000.003: sourcing nvim_exec2() called at /home/amin/.config/nvim/init.lua:0
051.528  000.004  000.004: sourcing nvim_exec2() called at /home/amin/.config/nvim/init.lua:0
051.534  000.003  000.003: sourcing nvim_exec2() called at /home/amin/.config/nvim/init.lua:0
051.539  000.003  000.003: sourcing nvim_exec2() called at /home/amin/.config/nvim/init.lua:0
051.620  000.003  000.003: sourcing nvim_exec2() called at /home/amin/.config/nvim/init.lua:0
051.632  000.002  000.002: sourcing nvim_exec2() called at /home/amin/.config/nvim/init.lua:0
052.578  000.940  000.940: require('colorful-menu')
052.843  000.005  000.005: sourcing nvim_exec2() called at /home/amin/.config/nvim/init.lua:0
052.855  000.002  000.002: sourcing nvim_exec2() called at /home/amin/.config/nvim/init.lua:0
054.509  000.601  000.601: require('auto-session.logger')
054.594  000.908  000.307: require('auto-session.lib')
054.880  000.283  000.283: require('auto-session.config')
055.157  000.274  000.274: require('auto-session.autocmds')
055.213  002.352  000.887: require('auto-session')
056.872  000.037  000.037: sourcing /home/amin/.local/share/nvim/lazy/plenary.nvim/plugin/plenary.vim
056.880  000.073  000.036: sourcing nvim_exec2() called at /home/amin/.config/nvim/init.lua:0
056.922  000.003  000.003: sourcing nvim_exec2() called at /home/amin/.config/nvim/init.lua:0
056.933  000.001  000.001: sourcing nvim_exec2() called at /home/amin/.config/nvim/init.lua:0
057.212  000.002  000.002: sourcing nvim_exec2() called at /home/amin/.config/nvim/init.lua:0
057.237  000.001  000.001: sourcing nvim_exec2() called at /home/amin/.config/nvim/init.lua:0
057.453  000.002  000.002: sourcing nvim_exec2() called at /home/amin/.config/nvim/init.lua:0
057.464  000.001  000.001: sourcing nvim_exec2() called at /home/amin/.config/nvim/init.lua:0
057.653  000.001  000.001: sourcing nvim_exec2() called at /home/amin/.config/nvim/init.lua:0
057.660  000.001  000.001: sourcing nvim_exec2() called at /home/amin/.config/nvim/init.lua:0
057.956  000.244  000.244: sourcing /home/amin/.local/share/nvim/lazy/telescope.nvim/plugin/telescope.lua
057.961  000.270  000.026: sourcing nvim_exec2() called at /home/amin/.config/nvim/init.lua:0
057.970  000.002  000.002: sourcing nvim_exec2() called at /home/amin/.config/nvim/init.lua:0
057.980  000.001  000.001: sourcing nvim_exec2() called at /home/amin/.config/nvim/init.lua:0
059.073  000.083  000.083: require('telescope._extensions')
059.081  001.094  001.011: require('telescope')
059.620  000.046  000.046: require('plenary.bit')
059.663  000.038  000.038: require('plenary.functional')
059.704  000.213  000.129: require('plenary.path')
060.036  000.590  000.377: require('plenary.strings')
060.165  000.102  000.102: require('telescope.deprecated')
060.498  000.007  000.007: require('vim.F')
060.528  000.233  000.226: require('plenary.log')
060.600  000.350  000.117: require('telescope.log')
060.790  000.035  000.035: require('plenary.compat')
060.799  000.105  000.070: require('plenary.job')
060.852  000.051  000.051: require('telescope.state')
060.871  000.269  000.113: require('telescope.utils')
060.878  000.710  000.091: require('telescope.sorters')
062.904  003.631  002.229: require('telescope.config')
063.061  000.062  000.062: require('plenary.window.border')
063.101  000.036  000.036: require('plenary.window')
063.132  000.029  000.029: require('plenary.popup.utils')
063.137  000.226  000.099: require('plenary.popup')
063.253  000.114  000.114: require('telescope.pickers.scroller')
063.366  000.111  000.111: require('telescope.actions.state')
063.454  000.086  000.086: require('telescope.actions.utils')
063.616  000.080  000.080: require('telescope.actions.mt')
063.640  000.184  000.104: require('telescope.actions.set')
063.779  000.076  000.076: require('telescope.config.resolve')
063.782  000.140  000.063: require('telescope.pickers.entry_display')
063.838  000.055  000.055: require('telescope.from_entry')
064.073  004.990  000.443: require('telescope.actions')
064.190  000.111  000.111: require('telescope.themes')
065.570  000.141  000.141: require('telescope._extensions.ui-select')
066.168  000.042  000.042: require('plenary.tbl')
066.175  000.094  000.053: require('plenary.vararg.rotate')
066.177  000.180  000.085: require('plenary.vararg')
066.211  000.032  000.032: require('plenary.errors')
066.218  000.268  000.056: require('plenary.async.async')
066.422  000.041  000.041: require('plenary.async.structs')
066.430  000.131  000.090: require('plenary.async.control')
066.440  000.186  000.055: require('plenary.async.util')
066.443  000.222  000.036: require('plenary.async.tests')
066.445  000.542  000.052: require('plenary.async')
066.531  000.082  000.082: require('telescope.debounce')
066.688  000.155  000.155: require('telescope.mappings')
066.761  000.070  000.070: require('telescope.pickers.highlights')
066.823  000.060  000.060: require('telescope.pickers.window')
066.962  000.072  000.072: require('telescope.algos.linked_list')
066.966  000.141  000.070: require('telescope.entry_manager')
067.025  000.057  000.057: require('telescope.pickers.multi')
067.052  001.455  000.347: require('telescope.pickers')
067.541  000.388  000.388: require('telescope.make_entry')
067.723  000.178  000.178: require('telescope.finders.async_static_finder')
068.019  000.076  000.076: require('plenary.class')
068.141  000.317  000.241: require('telescope._')
068.145  000.419  000.102: require('telescope.finders.async_oneshot_finder')
068.280  000.133  000.133: require('telescope.finders.async_job_finder')
068.294  001.240  000.122: require('telescope.finders')
068.396  000.088  000.088: require('vim.ui')
068.780  000.251  000.251: require('fzf_lib')
068.791  000.373  000.122: require('telescope._extensions.fzf')
069.075  000.098  000.098: require('telescope._extensions.recent_files.utils')
069.116  000.027  000.027: sourcing nvim_exec2() called at /home/amin/.config/nvim/init.lua:0
069.122  000.223  000.098: require('telescope._extensions.recent_files.recent_files_picker')
069.126  000.290  000.067: require('telescope._extensions.recent_files')
069.179  013.225  003.083: require('telescope')
069.394  000.094  000.094: require('auto-session.session-lens.actions')
069.397  000.215  000.122: require('auto-session.session-lens')
069.489  000.088  000.088: require('telescope._extensions.session-lens')
069.751  000.092  000.092: sourcing /home/amin/.local/share/nvim/lazy/nvim-colorizer.lua/plugin/colorizer.lua
069.757  000.128  000.036: sourcing nvim_exec2() called at /home/amin/.config/nvim/init.lua:0
069.767  000.003  000.003: sourcing nvim_exec2() called at /home/amin/.config/nvim/init.lua:0
069.782  000.002  000.002: sourcing nvim_exec2() called at /home/amin/.config/nvim/init.lua:0
070.663  000.085  000.085: require('colorizer.color')
070.736  000.068  000.068: require('colorizer.constants')
071.001  000.151  000.151: require('colorizer.trie')
071.359  000.259  000.259: require('colorizer.utils')
071.372  000.368  000.109: require('colorizer.parser.names')
071.443  000.069  000.069: require('colorizer.parser.argb_hex')
071.502  000.057  000.057: require('colorizer.parser.hsl')
071.555  000.051  000.051: require('colorizer.parser.rgb')
071.613  000.055  000.055: require('colorizer.parser.rgba_hex')
071.717  000.102  000.102: require('colorizer.sass')
071.727  000.989  000.135: require('colorizer.matcher')
071.818  000.088  000.088: require('colorizer.tailwind')
071.832  001.408  000.178: require('colorizer.buffer')
071.941  000.106  000.106: require('colorizer.config')
071.965  002.102  000.587: require('colorizer')
072.607  000.008  000.008: sourcing nvim_exec2() called at /home/amin/.config/nvim/init.lua:0
072.623  000.002  000.002: sourcing nvim_exec2() called at /home/amin/.config/nvim/init.lua:0
072.762  000.794  000.785: require('tailwindcss-colorizer-cmp')
073.015  000.085  000.085: require('colorizer.usercmds')
073.312  000.005  000.005: sourcing nvim_exec2() called at /home/amin/.config/nvim/init.lua:0
073.354  000.002  000.002: sourcing nvim_exec2() called at /home/amin/.config/nvim/init.lua:0
078.026  004.259  004.259: require('vim.filetype')
078.164  000.075  000.075: require('todo_plus.highlights')
078.231  000.063  000.063: require('todo_plus.commands')
078.234  004.874  000.476: require('todo_plus')
078.269  000.025  000.025: sourcing nvim_exec2() called at /home/amin/.config/nvim/init.lua:0
078.279  000.005  000.005: sourcing nvim_exec2() called at /home/amin/.config/nvim/init.lua:0
078.286  000.005  000.005: sourcing nvim_exec2() called at /home/amin/.config/nvim/init.lua:0
078.291  000.002  000.002: sourcing nvim_exec2() called at /home/amin/.config/nvim/init.lua:0
078.517  000.058  000.058: sourcing /home/amin/.local/share/nvim/lazy/nvim-web-devicons/plugin/nvim-web-devicons.vim
078.522  000.092  000.034: sourcing nvim_exec2() called at /home/amin/.config/nvim/init.lua:0
078.530  000.003  000.003: sourcing nvim_exec2() called at /home/amin/.config/nvim/init.lua:0
078.541  000.001  000.001: sourcing nvim_exec2() called at /home/amin/.config/nvim/init.lua:0
079.699  000.095  000.095: require('nvim-web-devicons.filetypes')
079.967  000.203  000.203: require('nvim-web-devicons.default.icons_by_filename')
080.490  000.519  000.519: require('nvim-web-devicons.default.icons_by_file_extension')
080.603  000.110  000.110: require('nvim-web-devicons.default.icons_by_operating_system')
080.658  000.051  000.051: require('nvim-web-devicons.default.icons_by_desktop_environment')
080.710  000.049  000.049: require('nvim-web-devicons.default.icons_by_window_manager')
080.712  000.990  000.058: require('nvim-web-devicons.icons-default')
081.234  002.616  001.530: require('nvim-web-devicons')
084.938  000.008  000.008: sourcing nvim_exec2() called at /home/amin/.config/nvim/init.lua:0
084.953  000.002  000.002: sourcing nvim_exec2() called at /home/amin/.config/nvim/init.lua:0
085.886  000.042  000.042: require('scrollbar.const')
085.941  000.052  000.052: require('scrollbar.utils')
085.987  000.043  000.043: require('scrollbar.handlers')
085.992  000.986  000.850: require('scrollbar')
086.054  000.058  000.058: require('scrollbar.config')
086.197  000.027  000.027: sourcing nvim_exec2() called at /home/amin/.config/nvim/init.lua:0
086.224  000.006  000.006: sourcing nvim_exec2() called at /home/amin/.config/nvim/init.lua:0
086.234  000.005  000.005: sourcing nvim_exec2() called at /home/amin/.config/nvim/init.lua:0
086.241  000.003  000.003: sourcing nvim_exec2() called at /home/amin/.config/nvim/init.lua:0
086.248  000.003  000.003: sourcing nvim_exec2() called at /home/amin/.config/nvim/init.lua:0
086.255  000.003  000.003: sourcing nvim_exec2() called at /home/amin/.config/nvim/init.lua:0
086.261  000.003  000.003: sourcing nvim_exec2() called at /home/amin/.config/nvim/init.lua:0
086.267  000.003  000.003: sourcing nvim_exec2() called at /home/amin/.config/nvim/init.lua:0
086.274  000.003  000.003: sourcing nvim_exec2() called at /home/amin/.config/nvim/init.lua:0
086.280  000.003  000.003: sourcing nvim_exec2() called at /home/amin/.config/nvim/init.lua:0
086.286  000.003  000.003: sourcing nvim_exec2() called at /home/amin/.config/nvim/init.lua:0
086.297  000.003  000.003: sourcing nvim_exec2() called at /home/amin/.config/nvim/init.lua:0
086.304  000.003  000.003: sourcing nvim_exec2() called at /home/amin/.config/nvim/init.lua:0
086.311  000.003  000.003: sourcing nvim_exec2() called at /home/amin/.config/nvim/init.lua:0
086.318  000.003  000.003: sourcing nvim_exec2() called at /home/amin/.config/nvim/init.lua:0
086.325  000.003  000.003: sourcing nvim_exec2() called at /home/amin/.config/nvim/init.lua:0
086.332  000.003  000.003: sourcing nvim_exec2() called at /home/amin/.config/nvim/init.lua:0
086.339  000.003  000.003: sourcing nvim_exec2() called at /home/amin/.config/nvim/init.lua:0
086.346  000.003  000.003: sourcing nvim_exec2() called at /home/amin/.config/nvim/init.lua:0
086.351  000.003  000.003: sourcing nvim_exec2() called at /home/amin/.config/nvim/init.lua:0
086.357  000.003  000.003: sourcing nvim_exec2() called at /home/amin/.config/nvim/init.lua:0
086.377  000.016  000.016: sourcing nvim_exec2() called at /home/amin/.config/nvim/init.lua:0
086.394  000.014  000.014: sourcing nvim_exec2() called at /home/amin/.config/nvim/init.lua:0
086.421  000.023  000.023: sourcing nvim_exec2() called at /home/amin/.config/nvim/init.lua:0
086.475  000.051  000.051: require('scrollbar.handlers.cursor')
086.921  000.374  000.374: require('vim.diagnostic')
086.928  000.432  000.058: require('scrollbar.handlers.diagnostic')
086.941  000.008  000.008: sourcing nvim_exec2() called at /home/amin/.config/nvim/init.lua:0
086.953  000.008  000.008: sourcing nvim_exec2() called at /home/amin/.config/nvim/init.lua:0
087.325  000.003  000.003: sourcing nvim_exec2() called at /home/amin/.config/nvim/init.lua:0
087.334  000.001  000.001: sourcing nvim_exec2() called at /home/amin/.config/nvim/init.lua:0
087.691  000.070  000.070: sourcing /home/amin/.local/share/nvim/lazy/mason-tool-installer.nvim/plugin/mason-tool-installer.lua
087.696  000.102  000.032: sourcing nvim_exec2() called at /home/amin/.config/nvim/init.lua:0
087.704  000.002  000.002: sourcing nvim_exec2() called at /home/amin/.config/nvim/init.lua:0
087.714  000.001  000.001: sourcing nvim_exec2() called at /home/amin/.config/nvim/init.lua:0
087.950  000.002  000.002: sourcing nvim_exec2() called at /home/amin/.config/nvim/init.lua:0
087.958  000.001  000.001: sourcing nvim_exec2() called at /home/amin/.config/nvim/init.lua:0
088.562  000.002  000.002: sourcing nvim_exec2() called at /home/amin/.config/nvim/init.lua:0
088.571  000.001  000.001: sourcing nvim_exec2() called at /home/amin/.config/nvim/init.lua:0
089.627  000.087  000.087: require('lsp-file-operations.log')
089.632  000.955  000.868: require('lsp-file-operations')
091.874  000.099  000.099: require('vim.lsp.log')
092.388  000.507  000.507: require('vim.lsp.protocol')
092.654  000.261  000.261: require('vim.lsp.util')
092.761  000.042  000.042: require('vim.lsp.sync')
092.768  000.109  000.068: require('vim.lsp._changetracking')
092.886  000.049  000.049: require('vim.lsp._transport')
092.905  000.133  000.084: require('vim.lsp.rpc')
093.024  001.394  000.285: require('vim.lsp')
093.205  000.178  000.178: require('lspconfig.util')
093.286  000.067  000.067: require('vim.version')
096.012  004.455  002.816: sourcing /home/amin/.local/share/nvim/lazy/nvim-lspconfig/plugin/lspconfig.lua
096.022  004.495  000.039: sourcing nvim_exec2() called at /home/amin/.config/nvim/init.lua:0
096.045  000.013  000.013: sourcing nvim_exec2() called at /home/amin/.config/nvim/init.lua:0
096.065  000.002  000.002: sourcing nvim_exec2() called at /home/amin/.config/nvim/init.lua:0
096.948  000.875  000.875: require('Amin.core.icons')
097.423  000.291  000.291: require('lspconfig.async')
097.433  000.397  000.106: require('lspconfig.configs')
097.448  000.490  000.093: require('lspconfig')
097.679  000.111  000.111: require('cmp_nvim_lsp.source')
097.683  000.233  000.122: require('cmp_nvim_lsp')
097.787  000.097  000.097: require('lspconfig.configs.lua_ls')
098.237  000.123  000.123: require('lspconfig.manager')
098.291  000.048  000.048: require('lspconfig.configs.emmet_ls')
098.613  000.145  000.145: require('lspconfig.configs.omnisharp')
098.931  000.065  000.065: require('lspconfig.configs.cssls')
099.079  000.073  000.073: require('lspconfig.configs.tailwindcss')
099.238  000.062  000.062: require('lspconfig.configs.markdown_oxide')
099.355  000.052  000.052: require('lspconfig.configs.emmet_language_server')
099.621  000.131  000.131: require('lspconfig.configs.ts_ls')
099.933  000.218  000.218: require('vim.lsp.buf')
100.246  000.172  000.172: require('vim.lsp.completion')
100.352  000.414  000.241: require('vim.lsp.handlers')
100.398  000.012  000.012: sourcing nvim_exec2() called at /home/amin/.config/nvim/init.lua:0
100.415  000.003  000.003: sourcing nvim_exec2() called at /home/amin/.config/nvim/init.lua:0
100.600  000.049  000.049: require('mason-core.path')
100.930  000.049  000.049: require('mason-core.functional.data')
101.022  000.087  000.087: require('mason-core.functional.function')
101.136  000.104  000.104: require('mason-core.functional.list')
101.220  000.067  000.067: require('mason-core.functional.relation')
101.281  000.057  000.057: require('mason-core.functional.logic')
101.345  000.059  000.059: require('mason-core.functional.number')
101.445  000.089  000.089: require('mason-core.functional.string')
101.552  000.098  000.098: require('mason-core.functional.table')
101.628  000.069  000.069: require('mason-core.functional.type')
101.636  000.900  000.222: require('mason-core.functional')
101.789  001.147  000.247: require('mason-core.platform')
101.928  000.136  000.136: require('mason.settings')
101.944  001.454  000.121: require('mason-core.installer.InstallLocation')
102.535  000.201  000.201: require('mason-core.log')
102.550  000.393  000.191: require('mason-core.EventEmitter')
102.772  000.218  000.218: require('mason-registry.sources')
102.791  000.844  000.233: require('mason-registry')
102.795  002.366  000.068: require('mason')
103.004  000.087  000.087: require('mason-lspconfig.settings')
103.011  000.212  000.125: require('mason-lspconfig')
103.297  000.113  000.113: require('mason.version')
103.324  000.311  000.197: require('mason-tool-installer')
103.723  000.134  000.134: require('mason-core.optional')
103.863  000.138  000.138: require('mason-core.result')
104.232  000.261  000.261: require('mason-core.async')
104.313  000.078  000.078: require('mason-core.async.uv')
104.743  000.338  000.338: require('mason-core.process')
104.900  000.153  000.153: require('mason-core.spawn')
104.909  000.593  000.102: require('mason-core.installer.managers.powershell')
104.916  001.050  000.118: require('mason-core.fetch')
105.123  000.204  000.204: require('mason-core.fs')
105.239  000.111  000.111: require('mason-core.providers')
106.116  000.422  000.422: require('mason-core.purl')
106.353  000.231  000.231: require('mason-core.async.control')
106.375  000.832  000.180: require('mason-core.package.AbstractPackage')
107.231  000.229  000.229: require('mason-core.installer.compiler.expr')
107.257  000.469  000.240: require('mason-core.installer.compiler.link')
108.014  000.149  000.149: require('mason-core.installer.context.InstallContextCwd')
108.146  000.127  000.127: require('mason-core.installer.context.InstallContextFs')
108.238  000.089  000.089: require('mason-core.installer.context.InstallContextSpawn')
108.382  000.139  000.139: require('mason-core.receipt')
108.438  000.730  000.225: require('mason-core.installer.context')
108.441  000.911  000.181: require('mason-core.installer')
108.490  001.134  000.223: require('mason-core.installer.managers.std')
108.495  001.235  000.101: require('mason-core.installer.compiler.schemas')
108.657  000.158  000.158: require('mason-core.installer.compiler.util')
108.687  002.158  000.295: require('mason-core.installer.compiler')
108.848  000.157  000.157: require('mason-core.installer.linker')
108.858  002.480  000.164: require('mason-core.installer.InstallRunner')
108.974  000.113  000.113: require('mason-core.installer.UninstallRunner')
108.994  003.653  000.228: require('mason-core.package')
109.006  003.764  000.111: require('mason-registry.sources.util')
109.033  005.569  000.167: require('mason-registry.sources.github')
109.900  000.268  000.268: require('mason.api.command')
110.160  000.224  000.224: require('mason-registry.installer')
117.289  000.127  000.127: require('mason-lspconfig.notify')
117.343  000.342  000.215: require('mason-lspconfig.api.command')
118.272  000.019  000.019: sourcing nvim_exec2() called at /home/amin/.config/nvim/init.lua:0
118.294  000.003  000.003: sourcing nvim_exec2() called at /home/amin/.config/nvim/init.lua:0
118.467  000.531  000.509: require('mason-nvim-dap.mappings.source')
118.972  000.005  000.005: sourcing nvim_exec2() called at /home/amin/.config/nvim/init.lua:0
119.009  000.002  000.002: sourcing nvim_exec2() called at /home/amin/.config/nvim/init.lua:0
120.949  000.102  000.102: require('easy-dotnet.logger')
121.083  000.125  000.125: require('easy-dotnet.picker')
121.402  000.104  000.104: require('easy-dotnet.modules.file-cache')
121.416  000.265  000.161: require('easy-dotnet.parsers.csproj-parse')
121.905  000.205  000.205: require('easy-dotnet.polyfills.iter')
121.909  000.368  000.164: require('easy-dotnet.polyfills')
121.923  000.504  000.136: require('easy-dotnet.parsers.sln-parse')
121.925  000.838  000.069: require('easy-dotnet.parsers')
121.990  000.062  000.062: require('easy-dotnet.error-messages')
122.131  000.138  000.138: require('easy-dotnet.default-manager')
122.139  001.489  000.223: require('easy-dotnet.actions.build')
122.207  000.065  000.065: require('easy-dotnet.actions.restore')
122.320  000.110  000.110: require('easy-dotnet.actions.test')
122.411  000.089  000.089: require('easy-dotnet.actions.run')
123.005  000.591  000.591: require('easy-dotnet.actions.watch')
123.560  000.277  000.277: require('easy-dotnet.async-utils')
123.829  000.267  000.267: require('easy-dotnet.nuget')
123.892  000.883  000.339: require('easy-dotnet.actions.pack')
123.894  003.390  000.164: require('easy-dotnet.actions')
124.205  000.309  000.309: require('easy-dotnet.debugger')
124.422  000.215  000.215: require('easy-dotnet.constants')
125.217  000.793  000.793: require('easy-dotnet.commands')
125.566  000.196  000.196: require('easy-dotnet.file-utils')
125.920  000.284  000.284: require('easy-dotnet.ef-core.database')
126.347  000.422  000.422: require('easy-dotnet.ef-core.migration')
126.849  000.208  000.208: require('easy-dotnet.dotnet_cli')
126.860  000.494  000.285: require('easy-dotnet.csproj-mappings')
126.863  007.843  001.741: require('easy-dotnet')
127.241  000.354  000.354: require('easy-dotnet.options')
127.763  000.169  000.169: require('easy-dotnet.fsproj-mappings')
128.000  000.190  000.190: require('easy-dotnet.cs-mappings')
128.080  000.067  000.067: require('easy-dotnet.filetypes')
128.128  000.032  000.032: require('easy-dotnet.fs-mappings')
130.242  001.721  001.721: require('plenary.scandir')
133.060  000.025  000.025: sourcing nvim_exec2() called at /home/amin/.config/nvim/init.lua:0
133.087  000.002  000.002: sourcing nvim_exec2() called at /home/amin/.config/nvim/init.lua:0
134.125  001.021  001.021: require('search-and-replace')
134.301  000.005  000.005: sourcing nvim_exec2() called at /home/amin/.config/nvim/init.lua:0
134.319  000.001  000.001: sourcing nvim_exec2() called at /home/amin/.config/nvim/init.lua:0
135.071  000.107  000.107: require('multicursor-nvim.feedkeys-manager')
135.639  000.072  000.072: require('multicursor-nvim.term-codes')
135.713  000.070  000.070: require('multicursor-nvim.tbl')
135.782  000.067  000.067: require('multicursor-nvim.util')
135.870  000.795  000.586: require('multicursor-nvim.cursor-manager')
136.064  000.059  000.059: require('multicursor-nvim.keymap-manager')
136.142  000.075  000.075: require('multicursor-nvim.snippet-manager')
136.168  000.296  000.161: require('multicursor-nvim.input-manager')
136.179  001.351  000.153: require('multicursor-nvim.core')
136.438  000.044  000.044: sourcing nvim_exec2() called at /home/amin/.config/nvim/init.lua:0
136.461  000.279  000.235: require('multicursor-nvim.examples')
136.528  002.199  000.569: require('multicursor-nvim')
136.953  000.253  000.253: require('vim.lsp._snippet_grammar')
136.969  000.398  000.144: require('vim.snippet')
138.004  000.006  000.006: sourcing nvim_exec2() called at /home/amin/.config/nvim/init.lua:0
138.017  000.002  000.002: sourcing nvim_exec2() called at /home/amin/.config/nvim/init.lua:0
138.329  000.002  000.002: sourcing nvim_exec2() called at /home/amin/.config/nvim/init.lua:0
138.337  000.001  000.001: sourcing nvim_exec2() called at /home/amin/.config/nvim/init.lua:0
139.382  000.042  000.042: require('luasnip.util.types')
139.389  000.097  000.056: require('luasnip.util.ext_opts')
139.559  000.034  000.034: require('luasnip.util.lazy_table')
139.618  000.057  000.057: require('luasnip.extras.filetype_functions')
139.629  000.192  000.102: require('luasnip.default_config')
139.667  000.276  000.084: require('luasnip.session')
139.670  000.820  000.447: require('luasnip.config')
139.938  000.038  000.038: require('luasnip.util.vimversion')
139.946  000.117  000.079: require('luasnip.util.util')
140.067  000.042  000.042: require('luasnip.nodes.key_indexer')
140.114  000.044  000.044: require('luasnip.util.feedkeys')
140.121  000.173  000.087: require('luasnip.nodes.util')
140.253  000.065  000.065: require('luasnip.session.snippet_collection.source')
140.289  000.034  000.034: require('luasnip.util.table')
140.326  000.035  000.035: require('luasnip.util.auto_table')
140.336  000.212  000.079: require('luasnip.session.snippet_collection')
140.485  000.043  000.043: require('luasnip.util.select')
140.516  000.029  000.029: require('luasnip.util.time')
141.062  000.680  000.607: require('luasnip.util._builtin_vars')
141.234  000.896  000.217: require('luasnip.util.environ')
141.291  000.054  000.054: require('luasnip.util.extend_decorator')
141.444  000.094  000.094: require('luasnip.util.path')
141.588  000.076  000.076: require('luasnip.util.log')
141.595  000.149  000.073: require('luasnip.loaders.util')
141.639  000.041  000.041: require('luasnip.loaders.data')
141.755  000.115  000.115: require('luasnip.loaders.fs_watchers')
141.760  000.467  000.068: require('luasnip.loaders')
141.795  002.115  000.195: require('luasnip')
141.877  003.190  000.255: sourcing /home/amin/.local/share/nvim/lazy/LuaSnip/plugin/luasnip.lua
141.884  003.228  000.037: sourcing nvim_exec2() called at /home/amin/.config/nvim/init.lua:0
141.964  000.038  000.038: sourcing /home/amin/.local/share/nvim/lazy/LuaSnip/plugin/luasnip.vim
141.967  000.071  000.033: sourcing nvim_exec2() called at /home/amin/.config/nvim/init.lua:0
141.975  000.003  000.003: sourcing nvim_exec2() called at /home/amin/.config/nvim/init.lua:0
141.988  000.001  000.001: sourcing nvim_exec2() called at /home/amin/.config/nvim/init.lua:0
142.077  000.002  000.002: sourcing nvim_exec2() called at /home/amin/.config/nvim/init.lua:0
142.085  000.001  000.001: sourcing nvim_exec2() called at /home/amin/.config/nvim/init.lua:0
142.455  000.002  000.002: sourcing nvim_exec2() called at /home/amin/.config/nvim/init.lua:0
142.463  000.001  000.001: sourcing nvim_exec2() called at /home/amin/.config/nvim/init.lua:0
142.798  000.001  000.001: sourcing nvim_exec2() called at /home/amin/.config/nvim/init.lua:0
142.806  000.001  000.001: sourcing nvim_exec2() called at /home/amin/.config/nvim/init.lua:0
143.154  000.002  000.002: sourcing nvim_exec2() called at /home/amin/.config/nvim/init.lua:0
143.162  000.001  000.001: sourcing nvim_exec2() called at /home/amin/.config/nvim/init.lua:0
143.509  000.001  000.001: sourcing nvim_exec2() called at /home/amin/.config/nvim/init.lua:0
143.517  000.001  000.001: sourcing nvim_exec2() called at /home/amin/.config/nvim/init.lua:0
143.703  000.070  000.070: require('cmp.utils.api')
143.782  000.040  000.040: require('cmp.types.cmp')
143.890  000.056  000.056: require('cmp.utils.misc')
144.000  000.215  000.159: require('cmp.types.lsp')
144.045  000.043  000.043: require('cmp.types.vim')
144.048  000.343  000.045: require('cmp.types')
144.117  000.067  000.067: require('cmp.utils.highlight')
144.203  000.044  000.044: require('cmp.utils.debug')
144.241  000.122  000.078: require('cmp.utils.autocmd')
144.701  000.020  000.020: sourcing nvim_exec2() called at /home/amin/.local/share/nvim/lazy/nvim-cmp/plugin/cmp.lua:0
144.705  001.135  000.513: sourcing /home/amin/.local/share/nvim/lazy/nvim-cmp/plugin/cmp.lua
144.709  001.163  000.028: sourcing nvim_exec2() called at /home/amin/.config/nvim/init.lua:0
144.718  000.002  000.002: sourcing nvim_exec2() called at /home/amin/.config/nvim/init.lua:0
144.731  000.001  000.001: sourcing nvim_exec2() called at /home/amin/.config/nvim/init.lua:0
145.056  000.085  000.085: require('cmp.utils.char')
145.065  000.139  000.054: require('cmp.utils.str')
145.205  000.032  000.032: require('cmp.utils.buffer')
145.219  000.111  000.079: require('cmp.utils.keymap')
145.222  000.155  000.044: require('cmp.utils.feedkeys')
145.399  000.060  000.060: require('cmp.config.mapping')
145.435  000.034  000.034: require('cmp.utils.cache')
145.544  000.053  000.053: require('cmp.config.compare')
145.547  000.109  000.056: require('cmp.config.default')
145.568  000.283  000.081: require('cmp.config')
145.585  000.361  000.078: require('cmp.utils.async')
145.664  000.035  000.035: require('cmp.utils.pattern')
145.668  000.081  000.046: require('cmp.context')
145.940  000.119  000.119: require('cmp.utils.snippet')
145.991  000.048  000.048: require('cmp.matcher')
146.000  000.264  000.096: require('cmp.entry')
146.011  000.341  000.077: require('cmp.source')
146.115  000.037  000.037: require('cmp.utils.event')
146.288  000.033  000.033: require('cmp.utils.options')
146.294  000.128  000.095: require('cmp.utils.window')
146.297  000.180  000.052: require('cmp.view.docs_view')
146.391  000.092  000.092: require('cmp.view.custom_entries_view')
146.460  000.067  000.067: require('cmp.view.wildmenu_entries_view')
146.520  000.058  000.058: require('cmp.view.native_entries_view')
146.604  000.082  000.082: require('cmp.view.ghost_text_view')
146.618  000.605  000.089: require('cmp.view')
147.292  002.462  000.779: require('cmp.core')
147.491  000.050  000.050: require('cmp.config.sources')
147.529  000.035  000.035: require('cmp.config.window')
147.592  002.854  000.307: require('cmp')
147.773  000.041  000.041: require('luasnip.session.enqueueable_operations')
148.076  000.043  000.043: require('luasnip.util.events')
148.092  000.135  000.092: require('luasnip.nodes.node')
148.238  000.144  000.144: require('luasnip.nodes.insertNode')
148.304  000.063  000.063: require('luasnip.nodes.textNode')
148.366  000.059  000.059: require('luasnip.util.mark')
148.415  000.046  000.046: require('luasnip.util.pattern_tokenizer')
148.456  000.039  000.039: require('luasnip.util.dict')
148.806  000.010  000.010: require('jsregexp.core')
148.814  000.141  000.131: require('luasnip-jsregexp')
148.816  000.311  000.171: require('luasnip.util.jsregexp')
148.820  000.361  000.050: require('luasnip.nodes.util.trig_engines')
148.872  001.047  000.198: require('luasnip.nodes.snippet')
149.064  000.062  000.062: require('luasnip.util.parser.neovim_ast')
149.124  000.058  000.058: require('luasnip.util.str')
149.191  000.062  000.062: require('luasnip.util.directed_graph')
149.207  000.266  000.085: require('luasnip.util.parser.ast_utils')
149.289  000.079  000.079: require('luasnip.nodes.functionNode')
149.386  000.095  000.095: require('luasnip.nodes.choiceNode')
149.472  000.085  000.085: require('luasnip.nodes.dynamicNode')
149.518  000.044  000.044: require('luasnip.util.functions')
149.527  000.653  000.083: require('luasnip.util.parser.ast_parser')
149.649  000.120  000.120: require('luasnip.util.parser.neovim_parser')
149.673  001.898  000.078: require('luasnip.util.parser')
149.723  000.047  000.047: require('luasnip.nodes.snippetProxy')
149.923  000.196  000.196: require('luasnip.util.jsonc')
150.010  000.042  000.042: require('luasnip.nodes.duplicate')
150.015  000.089  000.047: require('luasnip.loaders.snippet_cache')
150.025  002.424  000.153: require('luasnip.loaders.from_vscode')
157.808  000.206  000.206: require('luasnip.nodes.multiSnippet')
160.650  000.008  000.008: sourcing nvim_exec2() called at /home/amin/.config/nvim/init.lua:0
160.668  000.002  000.002: sourcing nvim_exec2() called at /home/amin/.config/nvim/init.lua:0
160.766  000.091  000.091: require('codeium')
160.899  000.055  000.055: require('codeium.enums')
161.144  000.083  000.083: require('codeium.log')
161.149  000.137  000.054: require('codeium.notify')
161.155  000.199  000.062: require('codeium.config')
161.349  000.097  000.097: require('plenary.curl')
161.359  000.202  000.105: require('codeium.io')
161.366  000.464  000.063: require('codeium.util')
161.372  000.602  000.084: require('codeium.source')
161.568  000.031  000.031: sourcing nvim_exec2() called at /home/amin/.config/nvim/init.lua:0
161.642  000.148  000.117: require('codeium.versions')
161.733  000.065  000.065: require('codeium.update')
161.748  000.375  000.162: require('codeium.api')
161.878  000.087  000.087: require('vim.health')
161.882  000.131  000.044: require('codeium.health')
165.411  000.815  000.815: require('codeium.virtual_text')
165.883  000.102  000.102: sourcing /usr/share/nvim/runtime/plugin/editorconfig.lua
165.892  000.154  000.052: sourcing nvim_exec2() called at /home/amin/.config/nvim/init.lua:0
166.188  000.265  000.265: sourcing /usr/share/nvim/runtime/plugin/gzip.vim
166.192  000.284  000.019: sourcing nvim_exec2() called at /home/amin/.config/nvim/init.lua:0
166.490  000.267  000.267: sourcing /usr/share/nvim/runtime/plugin/man.lua
166.494  000.294  000.027: sourcing nvim_exec2() called at /home/amin/.config/nvim/init.lua:0
167.499  000.263  000.263: sourcing /usr/share/nvim/runtime/pack/dist/opt/matchit/plugin/matchit.vim
167.523  001.001  000.738: sourcing /usr/share/nvim/runtime/plugin/matchit.vim
167.544  001.037  000.036: sourcing nvim_exec2() called at /home/amin/.config/nvim/init.lua:0
167.767  000.176  000.176: sourcing /usr/share/nvim/runtime/plugin/matchparen.vim
167.770  000.196  000.020: sourcing nvim_exec2() called at /home/amin/.config/nvim/init.lua:0
167.812  000.010  000.010: sourcing /usr/share/nvim/runtime/plugin/netrwPlugin.vim
167.815  000.030  000.019: sourcing nvim_exec2() called at /home/amin/.config/nvim/init.lua:0
167.999  000.165  000.165: sourcing /usr/share/nvim/runtime/plugin/osc52.lua
168.003  000.183  000.018: sourcing nvim_exec2() called at /home/amin/.config/nvim/init.lua:0
168.226  000.201  000.201: sourcing /usr/share/nvim/runtime/plugin/rplugin.vim
168.230  000.221  000.020: sourcing nvim_exec2() called at /home/amin/.config/nvim/init.lua:0
168.342  000.079  000.079: sourcing /usr/share/nvim/runtime/plugin/shada.vim
168.345  000.100  000.022: sourcing nvim_exec2() called at /home/amin/.config/nvim/init.lua:0
168.399  000.020  000.020: sourcing /usr/share/nvim/runtime/plugin/spellfile.vim
168.402  000.048  000.029: sourcing nvim_exec2() called at /home/amin/.config/nvim/init.lua:0
168.557  000.130  000.130: sourcing /usr/share/nvim/runtime/plugin/tarPlugin.vim
168.560  000.150  000.021: sourcing nvim_exec2() called at /home/amin/.config/nvim/init.lua:0
168.698  000.109  000.109: sourcing /usr/share/nvim/runtime/plugin/tohtml.lua
168.701  000.134  000.026: sourcing nvim_exec2() called at /home/amin/.config/nvim/init.lua:0
168.748  000.022  000.022: sourcing /usr/share/nvim/runtime/plugin/tutor.vim
168.751  000.044  000.022: sourcing nvim_exec2() called at /home/amin/.config/nvim/init.lua:0
168.972  000.196  000.196: sourcing /usr/share/nvim/runtime/plugin/zipPlugin.vim
168.976  000.215  000.019: sourcing nvim_exec2() called at /home/amin/.config/nvim/init.lua:0
169.584  000.234  000.234: require('cmp_cmdline')
169.702  000.414  000.180: sourcing /home/amin/.local/share/nvim/lazy/cmp-cmdline/after/plugin/cmp_cmdline.lua
169.708  000.454  000.040: sourcing nvim_exec2() called at /home/amin/.config/nvim/init.lua:0
170.341  000.170  000.170: require('cmp_sass_variables.utils')
170.346  000.387  000.217: require('cmp_sass_variables')
170.423  000.581  000.194: sourcing /home/amin/.local/share/nvim/lazy/cmp-sass-variables/after/plugin/cmp_sass_variables.lua
170.427  000.613  000.033: sourcing nvim_exec2() called at /home/amin/.config/nvim/init.lua:0
170.908  000.261  000.261: require('cmp_luasnip')
170.979  000.470  000.209: sourcing /home/amin/.local/share/nvim/lazy/cmp_luasnip/after/plugin/cmp_luasnip.lua
170.984  000.501  000.031: sourcing nvim_exec2() called at /home/amin/.config/nvim/init.lua:0
171.322  000.196  000.196: require('cmp_path')
171.367  000.310  000.114: sourcing /home/amin/.local/share/nvim/lazy/cmp-path/after/plugin/cmp_path.lua
171.371  000.351  000.041: sourcing nvim_exec2() called at /home/amin/.config/nvim/init.lua:0
171.898  000.106  000.106: require('cmp_buffer.timer')
171.909  000.275  000.169: require('cmp_buffer.buffer')
171.916  000.358  000.083: require('cmp_buffer.source')
171.919  000.423  000.065: require('cmp_buffer')
171.963  000.530  000.107: sourcing /home/amin/.local/share/nvim/lazy/cmp-buffer/after/plugin/cmp_buffer.lua
171.967  000.562  000.032: sourcing nvim_exec2() called at /home/amin/.config/nvim/init.lua:0
172.207  000.156  000.156: sourcing /home/amin/.local/share/nvim/lazy/cmp-nvim-lsp/after/plugin/cmp_nvim_lsp.lua
172.211  000.196  000.040: sourcing nvim_exec2() called at /home/amin/.config/nvim/init.lua:0
172.371  163.300  062.444: require('Amin.lazy')
172.374  165.053  000.026: sourcing /home/amin/.config/nvim/init.lua
172.384  000.828: sourcing vimrc file(s)
173.152  000.057  000.057: sourcing /usr/share/nvim/runtime/filetype.lua
173.585  000.100  000.100: sourcing /usr/share/nvim/runtime/syntax/synload.vim
173.715  000.443  000.343: sourcing /usr/share/nvim/runtime/syntax/syntax.vim
173.736  000.853: inits 3
177.601  003.864: reading ShaDa
178.261  000.559  000.559: require('markview')
181.551  000.366  000.366: require('luasnip.loaders.from_lua')
181.779  000.220  000.220: require('luasnip.loaders.from_snipmate')
181.948  003.202: opening buffers
182.055  000.107: BufEnter autocommands
182.059  000.004: editing files in windows
183.158  000.502  000.502: require('markview.utils')
183.271  000.994  000.493: require('markview.highlights')
186.909  000.280  000.280: require('lazy.util')
186.917  000.469  000.189: require('lazy.view.diff')
187.275  000.191  000.191: require('lazy.view.config')
187.290  000.370  000.179: require('lazy.view.float')
187.696  000.163  000.163: require('lazy.async')
187.705  000.299  000.136: require('lazy.manage.process')
187.825  000.118  000.118: require('lazy.manage.semver')
187.837  000.545  000.127: require('lazy.manage.git')
188.412  000.275  000.275: require('lazy.view.sections')
188.536  000.120  000.120: require('lazy.view.text')
188.552  000.713  000.319: require('lazy.view.render')
188.561  002.343  000.246: require('lazy.view')
192.004  002.317  002.317: sourcing nvim_exec2() called at VimEnter Autocommands for "*":0
192.028  000.010  000.010: sourcing nvim_exec2() called at VimEnter Autocommands for "*":0
193.297  000.095  000.095: sourcing /home/amin/.local/share/nvim/lazy/conform.nvim/plugin/conform.lua
193.307  000.134  000.039: sourcing nvim_exec2() called at BufReadPre Autocommands for "*":0
193.320  000.004  000.004: sourcing nvim_exec2() called at BufReadPre Autocommands for "*":0
193.368  000.002  000.002: sourcing nvim_exec2() called at BufReadPre Autocommands for "*":0
194.230  000.813  000.813: require('conform')
194.546  000.038  000.038: sourcing /home/amin/.local/share/nvim/lazy/todo-comments.nvim/plugin/todo.vim
194.551  000.074  000.036: sourcing nvim_exec2() called at BufReadPre Autocommands for "*":0
194.563  000.003  000.003: sourcing nvim_exec2() called at BufReadPre Autocommands for "*":0
194.575  000.001  000.001: sourcing nvim_exec2() called at BufReadPre Autocommands for "*":0
195.527  000.125  000.125: require('todo-comments.util')
195.555  000.304  000.179: require('todo-comments.config')
195.796  000.179  000.179: require('todo-comments.highlight')
195.804  000.247  000.068: require('todo-comments.jump')
195.811  001.204  000.653: require('todo-comments')
196.057  000.036  000.036: sourcing nvim_exec2() called at BufReadPre Autocommands for "*":0
196.067  000.004  000.004: sourcing nvim_exec2() called at BufReadPre Autocommands for "*":0
196.077  000.005  000.005: sourcing nvim_exec2() called at BufReadPre Autocommands for "*":0
196.094  000.004  000.004: sourcing nvim_exec2() called at BufReadPre Autocommands for "*":0
196.110  000.013  000.013: sourcing nvim_exec2() called at BufReadPre Autocommands for "*":0
196.117  000.003  000.003: sourcing nvim_exec2() called at BufReadPre Autocommands for "*":0
196.151  000.003  000.003: sourcing nvim_exec2() called at BufReadPre Autocommands for "*":0
196.157  000.003  000.003: sourcing nvim_exec2() called at BufReadPre Autocommands for "*":0
196.162  000.003  000.003: sourcing nvim_exec2() called at BufReadPre Autocommands for "*":0
196.179  000.003  000.003: sourcing nvim_exec2() called at BufReadPre Autocommands for "*":0
196.214  000.003  000.003: sourcing nvim_exec2() called at BufReadPre Autocommands for "*":0
196.219  000.002  000.002: sourcing nvim_exec2() called at BufReadPre Autocommands for "*":0
196.232  000.003  000.003: sourcing nvim_exec2() called at BufReadPre Autocommands for "*":0
196.237  000.002  000.002: sourcing nvim_exec2() called at BufReadPre Autocommands for "*":0
196.245  000.002  000.002: sourcing nvim_exec2() called at BufReadPre Autocommands for "*":0
196.261  000.003  000.003: sourcing nvim_exec2() called at BufReadPre Autocommands for "*":0
196.266  000.003  000.003: sourcing nvim_exec2() called at BufReadPre Autocommands for "*":0
196.272  000.003  000.003: sourcing nvim_exec2() called at BufReadPre Autocommands for "*":0
196.287  000.003  000.003: sourcing nvim_exec2() called at BufReadPre Autocommands for "*":0
196.292  000.002  000.002: sourcing nvim_exec2() called at BufReadPre Autocommands for "*":0
196.297  000.002  000.002: sourcing nvim_exec2() called at BufReadPre Autocommands for "*":0
196.406  000.036  000.036: sourcing nvim_exec2() called at BufReadPre Autocommands for "*":0
196.674  000.241  000.241: require('vim.treesitter.highlighter')
196.855  000.117  000.117: require('snacks.picker')
197.514  000.653  000.653: require('snacks.picker.config.sources')
197.625  000.107  000.107: require('todo-comments.snacks')
201.388  000.171  000.171: sourcing /usr/share/nvim/runtime/ftplugin/lua.vim
214.584  013.171  013.171: sourcing /usr/share/nvim/runtime/ftplugin/lua.lua
216.259  000.096  000.096: sourcing /usr/share/nvim/runtime/indent/lua.vim
220.234  001.665  001.665: require('vim.lsp.client')
221.898  000.580  000.580: require('vim._system')
241.577  000.124  000.124: require('snacks.quickfile')
248.253  000.274  000.274: require('colorizer.data.tailwind_colors')
261.677  020.026  019.753: sourcing nvim_exec2() called at BufReadPost Autocommands for "*":0
261.910  000.162  000.162: require('editorconfig')
268.536  000.394  000.394: sourcing /usr/share/nvim/runtime/autoload/provider/clipboard.vim
268.978  076.866  036.985: sourcing /home/amin/.local/share/nvim/sessions/%2Fhome%2Famin%2F%2Econfig%2Fnvim.vim
268.990  076.924  000.058: sourcing nvim_exec2() called at VimEnter Autocommands for "*":0
269.254  004.608: VimEnter autocommands
269.791  000.155  000.155: require('snacks.util')
269.848  000.530  000.376: require('snacks.dashboard')
270.084  000.185  000.185: require('snacks.input')
270.183  000.089  000.089: require('snacks.picker.config')
270.572  000.385  000.385: require('snacks.picker.config.highlights')
270.741  000.165  000.165: require('snacks.picker.config.defaults')
270.835  000.090  000.090: require('snacks.picker.config.layouts')
275.726  000.190  000.190: require('vim.termcap')
275.776  000.026  000.026: require('vim.text')
275.823  004.909: UIEnter autocommands
275.828  000.005: before starting main loop
278.910  000.107  000.107: require('vim.hl')
283.820  007.884: first screen update
283.825  000.005: --- NVIM STARTED ---

